mode: set
github.com/kmx0/GophKeeper/internal/auth/delivery/cli/controller.go:16.72,21.2 1 1
github.com/kmx0/GophKeeper/internal/auth/delivery/cli/controller.go:82.74,84.21 1 1
github.com/kmx0/GophKeeper/internal/auth/delivery/cli/controller.go:89.2,89.24 1 1
github.com/kmx0/GophKeeper/internal/auth/delivery/cli/controller.go:94.2,94.63 1 1
github.com/kmx0/GophKeeper/internal/auth/delivery/cli/controller.go:98.2,98.50 1 1
github.com/kmx0/GophKeeper/internal/auth/delivery/cli/controller.go:84.21,88.3 2 1
github.com/kmx0/GophKeeper/internal/auth/delivery/cli/controller.go:89.24,92.3 2 1
github.com/kmx0/GophKeeper/internal/auth/delivery/cli/controller.go:94.63,97.3 2 1
github.com/kmx0/GophKeeper/internal/auth/delivery/cli/controller.go:103.74,105.21 1 1
github.com/kmx0/GophKeeper/internal/auth/delivery/cli/controller.go:109.2,109.24 1 1
github.com/kmx0/GophKeeper/internal/auth/delivery/cli/controller.go:114.2,115.16 2 1
github.com/kmx0/GophKeeper/internal/auth/delivery/cli/controller.go:127.2,128.20 2 1
github.com/kmx0/GophKeeper/internal/auth/delivery/cli/controller.go:105.21,108.3 2 1
github.com/kmx0/GophKeeper/internal/auth/delivery/cli/controller.go:109.24,112.3 2 1
github.com/kmx0/GophKeeper/internal/auth/delivery/cli/controller.go:115.16,116.34 1 1
github.com/kmx0/GophKeeper/internal/auth/delivery/cli/controller.go:122.3,123.9 2 1
github.com/kmx0/GophKeeper/internal/auth/delivery/cli/controller.go:116.34,120.4 2 1
github.com/kmx0/GophKeeper/internal/auth/delivery/cli/middleware.go:19.80,24.2 1 0
github.com/kmx0/GophKeeper/internal/auth/delivery/cli/middleware.go:26.76,29.16 2 0
github.com/kmx0/GophKeeper/internal/auth/delivery/cli/middleware.go:37.2,40.16 3 0
github.com/kmx0/GophKeeper/internal/auth/delivery/cli/middleware.go:43.2,44.13 2 0
github.com/kmx0/GophKeeper/internal/auth/delivery/cli/middleware.go:29.16,31.65 1 0
github.com/kmx0/GophKeeper/internal/auth/delivery/cli/middleware.go:34.3,34.18 1 0
github.com/kmx0/GophKeeper/internal/auth/delivery/cli/middleware.go:31.65,33.4 1 0
github.com/kmx0/GophKeeper/internal/auth/delivery/cli/middleware.go:40.16,42.3 1 0
github.com/kmx0/GophKeeper/internal/auth/delivery/cli/middleware.go:46.11,48.19 1 0
github.com/kmx0/GophKeeper/internal/auth/delivery/cli/middleware.go:49.34,50.41 1 0
github.com/kmx0/GophKeeper/internal/auth/delivery/cli/middleware.go:51.10,52.55 1 0
github.com/kmx0/GophKeeper/internal/auth/delivery/cli/middleware.go:55.3,55.18 1 0
github.com/kmx0/GophKeeper/internal/auth/delivery/cli/middleware.go:52.55,54.4 1 0
github.com/kmx0/GophKeeper/internal/auth/delivery/cli/register.go:14.90,22.48 2 1
github.com/kmx0/GophKeeper/internal/auth/delivery/cli/register.go:28.2,34.48 1 1
github.com/kmx0/GophKeeper/internal/auth/delivery/cli/register.go:41.2,51.40 10 1
github.com/kmx0/GophKeeper/internal/auth/delivery/cli/register.go:22.48,24.4 1 1
github.com/kmx0/GophKeeper/internal/auth/delivery/cli/register.go:34.48,38.4 3 1
github.com/kmx0/GophKeeper/internal/auth/delivery/http/handler.go:15.48,19.2 1 1
github.com/kmx0/GophKeeper/internal/auth/delivery/http/handler.go:26.42,29.40 3 1
github.com/kmx0/GophKeeper/internal/auth/delivery/http/handler.go:34.2,35.87 2 1
github.com/kmx0/GophKeeper/internal/auth/delivery/http/handler.go:44.2,44.25 1 1
github.com/kmx0/GophKeeper/internal/auth/delivery/http/handler.go:29.40,32.3 2 1
github.com/kmx0/GophKeeper/internal/auth/delivery/http/handler.go:35.87,37.31 1 1
github.com/kmx0/GophKeeper/internal/auth/delivery/http/handler.go:41.3,42.9 2 1
github.com/kmx0/GophKeeper/internal/auth/delivery/http/handler.go:37.31,40.4 2 1
github.com/kmx0/GophKeeper/internal/auth/delivery/http/handler.go:52.42,55.40 2 1
github.com/kmx0/GophKeeper/internal/auth/delivery/http/handler.go:60.2,61.16 2 1
github.com/kmx0/GophKeeper/internal/auth/delivery/http/handler.go:71.2,71.53 1 1
github.com/kmx0/GophKeeper/internal/auth/delivery/http/handler.go:55.40,58.3 2 1
github.com/kmx0/GophKeeper/internal/auth/delivery/http/handler.go:61.16,62.34 1 1
github.com/kmx0/GophKeeper/internal/auth/delivery/http/handler.go:67.3,68.9 2 1
github.com/kmx0/GophKeeper/internal/auth/delivery/http/handler.go:62.34,65.4 2 1
github.com/kmx0/GophKeeper/internal/auth/delivery/http/middleware.go:15.62,19.2 1 1
github.com/kmx0/GophKeeper/internal/auth/delivery/http/middleware.go:21.49,24.22 2 1
github.com/kmx0/GophKeeper/internal/auth/delivery/http/middleware.go:29.2,30.27 2 1
github.com/kmx0/GophKeeper/internal/auth/delivery/http/middleware.go:34.2,34.32 1 1
github.com/kmx0/GophKeeper/internal/auth/delivery/http/middleware.go:38.2,39.13 2 1
github.com/kmx0/GophKeeper/internal/auth/delivery/http/middleware.go:24.22,28.3 2 1
github.com/kmx0/GophKeeper/internal/auth/delivery/http/middleware.go:30.27,33.3 2 1
github.com/kmx0/GophKeeper/internal/auth/delivery/http/middleware.go:34.32,37.3 2 1
github.com/kmx0/GophKeeper/internal/auth/delivery/http/middleware.go:41.11,42.31 1 1
github.com/kmx0/GophKeeper/internal/auth/delivery/http/middleware.go:43.34,45.9 2 1
github.com/kmx0/GophKeeper/internal/auth/delivery/http/middleware.go:46.10,48.9 2 1
github.com/kmx0/GophKeeper/internal/auth/delivery/http/register.go:8.65,12.2 3 1
github.com/kmx0/GophKeeper/internal/auth/delivery/http/register.go:12.2,15.3 2 1
github.com/kmx0/GophKeeper/internal/secret/delivery/http/register.go:8.72,12.2 3 1
github.com/kmx0/GophKeeper/internal/secret/delivery/http/register.go:12.2,17.3 4 1
github.com/kmx0/GophKeeper/internal/secret/delivery/http/handler.go:26.50,30.2 1 1
github.com/kmx0/GophKeeper/internal/secret/delivery/http/handler.go:38.42,41.42 3 0
github.com/kmx0/GophKeeper/internal/secret/delivery/http/handler.go:46.2,48.92 2 0
github.com/kmx0/GophKeeper/internal/secret/delivery/http/handler.go:53.2,53.25 1 0
github.com/kmx0/GophKeeper/internal/secret/delivery/http/handler.go:41.42,44.3 2 0
github.com/kmx0/GophKeeper/internal/secret/delivery/http/handler.go:48.92,52.3 3 0
github.com/kmx0/GophKeeper/internal/secret/delivery/http/handler.go:64.39,66.42 2 1
github.com/kmx0/GophKeeper/internal/secret/delivery/http/handler.go:71.2,73.16 3 1
github.com/kmx0/GophKeeper/internal/secret/delivery/http/handler.go:83.2,85.4 1 1
github.com/kmx0/GophKeeper/internal/secret/delivery/http/handler.go:66.42,69.3 2 0
github.com/kmx0/GophKeeper/internal/secret/delivery/http/handler.go:73.16,75.38 1 0
github.com/kmx0/GophKeeper/internal/secret/delivery/http/handler.go:79.3,80.9 2 0
github.com/kmx0/GophKeeper/internal/secret/delivery/http/handler.go:75.38,78.4 2 0
github.com/kmx0/GophKeeper/internal/secret/delivery/http/handler.go:92.40,95.16 3 1
github.com/kmx0/GophKeeper/internal/secret/delivery/http/handler.go:104.2,106.4 1 1
github.com/kmx0/GophKeeper/internal/secret/delivery/http/handler.go:95.16,96.41 1 0
github.com/kmx0/GophKeeper/internal/secret/delivery/http/handler.go:100.3,102.9 3 0
github.com/kmx0/GophKeeper/internal/secret/delivery/http/handler.go:96.41,99.4 2 0
github.com/kmx0/GophKeeper/internal/secret/delivery/http/handler.go:114.42,116.42 2 0
github.com/kmx0/GophKeeper/internal/secret/delivery/http/handler.go:120.2,122.16 3 0
github.com/kmx0/GophKeeper/internal/secret/delivery/http/handler.go:127.2,127.25 1 0
github.com/kmx0/GophKeeper/internal/secret/delivery/http/handler.go:116.42,119.3 2 0
github.com/kmx0/GophKeeper/internal/secret/delivery/http/handler.go:122.16,126.3 3 0
github.com/kmx0/GophKeeper/internal/secret/delivery/http/handler.go:130.46,132.22 2 1
github.com/kmx0/GophKeeper/internal/secret/delivery/http/handler.go:135.2,135.12 1 1
github.com/kmx0/GophKeeper/internal/secret/delivery/http/handler.go:132.22,134.3 1 1
github.com/kmx0/GophKeeper/internal/secret/delivery/http/handler.go:140.41,148.2 1 1
